<?xml version="1.0" encoding="UTF-8"?>
<!-- Generated by org.testng.reporters.JUnitXMLReporter -->
<testsuite ignored="0" hostname="LTIN259675" failures="0" tests="13" name="Test" time="172.335" errors="0" timestamp="2024-02-29T12:50:34 IST">
  <testcase classname="testCases.TC001_SearchHomePage" name="searchHomePage" time="13.287"/>
  <testcase classname="testCases.TC002_WebDevelopmentPage" name="levelSelector" time="5.063"/>
  <testcase classname="testCases.TC002_WebDevelopmentPage" name="languageSelect" time="8.05"/>
  <testcase classname="testCases.TC002_WebDevelopmentPage" name="Result" time="2.104"/>
  <testcase classname="testCases.TC002_WebDevelopmentPage" name="deatilsFirstCard" time="4.852"/>
  <testcase classname="testCases.TC002_WebDevelopmentPage" name="Headings" time="6.609"/>
  <testcase classname="testCases.TC001_SearchHomePage" name="Search2" time="11.928"/>
  <testcase classname="testCases.TC003_LanguageLearning" name="displayLevels" time="0.956"/>
  <testcase classname="testCases.TC003_LanguageLearning" name="displayLanguages" time="16.161"/>
  <testcase classname="testCases.TC001_SearchHomePage" name="ThirdtimeHomepage" time="23.149"/>
  <testcase classname="testCases.TC004_BusinessCoursera" name="clickSolution" time="12.051"/>
  <testcase classname="testCases.TC004_BusinessCoursera" name="clickContactUs" time="10.439"/>
  <testcase classname="testCases.TC004_BusinessCoursera" name="details" time="12.451"/>
</testsuite> <!-- Test -->
