<?xml version="1.0" encoding="UTF-8"?>
<!-- Generated by org.testng.reporters.JUnitXMLReporter -->
<testsuite ignored="0" hostname="LTIN259675" failures="0" tests="13" name="test" time="143.293" errors="0" timestamp="2024-02-12T14:40:54 IST">
  <testcase classname="testCases.TC001_SearchHomePage" name="searchHomePage" time="13.721"/>
  <testcase classname="testCases.TC002_WebDevelopmentPage" name="levelSelector" time="3.966"/>
  <testcase classname="testCases.TC002_WebDevelopmentPage" name="languageSelect" time="7.23"/>
  <testcase classname="testCases.TC002_WebDevelopmentPage" name="Result" time="2.099"/>
  <testcase classname="testCases.TC002_WebDevelopmentPage" name="deatilsFirstCard" time="7.197"/>
  <testcase classname="testCases.TC002_WebDevelopmentPage" name="Headings" time="5.311"/>
  <testcase classname="testCases.TC001_SearchHomePage" name="Search2" time="10.541"/>
  <testcase classname="testCases.TC003_LanguageLearning" name="displayLevels" time="1.096"/>
  <testcase classname="testCases.TC003_LanguageLearning" name="displayLanguages" time="18.552"/>
  <testcase classname="testCases.TC001_SearchHomePage" name="ThirdtimeHomepage" time="19.53"/>
  <testcase classname="testCases.TC004_BusinessCoursera" name="clickSolution" time="7.754"/>
  <testcase classname="testCases.TC004_BusinessCoursera" name="clickContactUs" time="7.419"/>
  <testcase classname="testCases.TC004_BusinessCoursera" name="details" time="5.952"/>
</testsuite> <!-- test -->
