<?xml version="1.0" encoding="UTF-8"?>
<testng-results ignored="0" total="13" passed="13" failed="0" skipped="0">
  <reporter-output>
  </reporter-output>
  <suite started-at="2024-02-29T12:47:29 IST" name="Suite" finished-at="2024-02-29T12:50:21 IST" duration-ms="172335">
    <groups>
      <group name="Master">
        <method signature="TC001_SearchHomePage.searchHomePage()[pri:1, instance:testCases.TC004_BusinessCoursera@6a6cb05c]" name="searchHomePage" class="testCases.TC001_SearchHomePage"/>
        <method signature="TC002_WebDevelopmentPage.levelSelector()[pri:2, instance:testCases.TC004_BusinessCoursera@6a6cb05c]" name="levelSelector" class="testCases.TC002_WebDevelopmentPage"/>
        <method signature="TC002_WebDevelopmentPage.languageSelect()[pri:3, instance:testCases.TC004_BusinessCoursera@6a6cb05c]" name="languageSelect" class="testCases.TC002_WebDevelopmentPage"/>
        <method signature="TC002_WebDevelopmentPage.Result()[pri:4, instance:testCases.TC004_BusinessCoursera@6a6cb05c]" name="Result" class="testCases.TC002_WebDevelopmentPage"/>
        <method signature="TC002_WebDevelopmentPage.deatilsFirstCard()[pri:6, instance:testCases.TC004_BusinessCoursera@6a6cb05c]" name="deatilsFirstCard" class="testCases.TC002_WebDevelopmentPage"/>
        <method signature="TC002_WebDevelopmentPage.Headings()[pri:7, instance:testCases.TC004_BusinessCoursera@6a6cb05c]" name="Headings" class="testCases.TC002_WebDevelopmentPage"/>
        <method signature="TC001_SearchHomePage.Search2()[pri:8, instance:testCases.TC004_BusinessCoursera@6a6cb05c]" name="Search2" class="testCases.TC001_SearchHomePage"/>
        <method signature="TC003_LanguageLearning.displayLevels()[pri:9, instance:testCases.TC004_BusinessCoursera@6a6cb05c]" name="displayLevels" class="testCases.TC003_LanguageLearning"/>
        <method signature="TC003_LanguageLearning.displayLanguages()[pri:10, instance:testCases.TC004_BusinessCoursera@6a6cb05c]" name="displayLanguages" class="testCases.TC003_LanguageLearning"/>
        <method signature="TC001_SearchHomePage.ThirdtimeHomepage()[pri:11, instance:testCases.TC004_BusinessCoursera@6a6cb05c]" name="ThirdtimeHomepage" class="testCases.TC001_SearchHomePage"/>
        <method signature="TC004_BusinessCoursera.clickSolution()[pri:12, instance:testCases.TC004_BusinessCoursera@6a6cb05c]" name="clickSolution" class="testCases.TC004_BusinessCoursera"/>
        <method signature="TC004_BusinessCoursera.clickContactUs()[pri:13, instance:testCases.TC004_BusinessCoursera@6a6cb05c]" name="clickContactUs" class="testCases.TC004_BusinessCoursera"/>
        <method signature="TC004_BusinessCoursera.details()[pri:14, instance:testCases.TC004_BusinessCoursera@6a6cb05c]" name="details" class="testCases.TC004_BusinessCoursera"/>
      </group> <!-- Master -->
      <group name="regression">
        <method signature="TC002_WebDevelopmentPage.levelSelector()[pri:2, instance:testCases.TC004_BusinessCoursera@6a6cb05c]" name="levelSelector" class="testCases.TC002_WebDevelopmentPage"/>
        <method signature="TC002_WebDevelopmentPage.languageSelect()[pri:3, instance:testCases.TC004_BusinessCoursera@6a6cb05c]" name="languageSelect" class="testCases.TC002_WebDevelopmentPage"/>
        <method signature="TC002_WebDevelopmentPage.Result()[pri:4, instance:testCases.TC004_BusinessCoursera@6a6cb05c]" name="Result" class="testCases.TC002_WebDevelopmentPage"/>
        <method signature="TC002_WebDevelopmentPage.deatilsFirstCard()[pri:6, instance:testCases.TC004_BusinessCoursera@6a6cb05c]" name="deatilsFirstCard" class="testCases.TC002_WebDevelopmentPage"/>
        <method signature="TC002_WebDevelopmentPage.Headings()[pri:7, instance:testCases.TC004_BusinessCoursera@6a6cb05c]" name="Headings" class="testCases.TC002_WebDevelopmentPage"/>
        <method signature="TC001_SearchHomePage.Search2()[pri:8, instance:testCases.TC004_BusinessCoursera@6a6cb05c]" name="Search2" class="testCases.TC001_SearchHomePage"/>
        <method signature="TC003_LanguageLearning.displayLevels()[pri:9, instance:testCases.TC004_BusinessCoursera@6a6cb05c]" name="displayLevels" class="testCases.TC003_LanguageLearning"/>
        <method signature="TC003_LanguageLearning.displayLanguages()[pri:10, instance:testCases.TC004_BusinessCoursera@6a6cb05c]" name="displayLanguages" class="testCases.TC003_LanguageLearning"/>
        <method signature="TC001_SearchHomePage.ThirdtimeHomepage()[pri:11, instance:testCases.TC004_BusinessCoursera@6a6cb05c]" name="ThirdtimeHomepage" class="testCases.TC001_SearchHomePage"/>
        <method signature="TC004_BusinessCoursera.clickSolution()[pri:12, instance:testCases.TC004_BusinessCoursera@6a6cb05c]" name="clickSolution" class="testCases.TC004_BusinessCoursera"/>
        <method signature="TC004_BusinessCoursera.clickContactUs()[pri:13, instance:testCases.TC004_BusinessCoursera@6a6cb05c]" name="clickContactUs" class="testCases.TC004_BusinessCoursera"/>
        <method signature="TC004_BusinessCoursera.details()[pri:14, instance:testCases.TC004_BusinessCoursera@6a6cb05c]" name="details" class="testCases.TC004_BusinessCoursera"/>
      </group> <!-- regression -->
      <group name="sanity">
        <method signature="TC001_SearchHomePage.searchHomePage()[pri:1, instance:testCases.TC004_BusinessCoursera@6a6cb05c]" name="searchHomePage" class="testCases.TC001_SearchHomePage"/>
      </group> <!-- sanity -->
    </groups>
    <test started-at="2024-02-29T12:47:29 IST" name="Test" finished-at="2024-02-29T12:50:21 IST" duration-ms="172335">
      <class name="testCases.TC004_BusinessCoursera">
        <test-method is-config="true" signature="setup(java.lang.String,java.lang.String)[pri:0, instance:testCases.TC004_BusinessCoursera@6a6cb05c]" started-at="2024-02-29T12:47:30 IST" name="setup" finished-at="2024-02-29T12:48:06 IST" duration-ms="36145" status="PASS">
          <params>
            <param index="0">
              <value>
                <![CDATA[windows]]>
              </value>
            </param>
            <param index="1">
              <value>
                <![CDATA[chrome]]>
              </value>
            </param>
          </params>
          <reporter-output>
          </reporter-output>
        </test-method> <!-- setup -->
        <test-method signature="searchHomePage()[pri:1, instance:testCases.TC004_BusinessCoursera@6a6cb05c]" started-at="2024-02-29T12:48:06 IST" name="searchHomePage" finished-at="2024-02-29T12:48:20 IST" duration-ms="13287" status="PASS">
          <reporter-output>
          </reporter-output>
        </test-method> <!-- searchHomePage -->
        <test-method signature="levelSelector()[pri:2, instance:testCases.TC004_BusinessCoursera@6a6cb05c]" started-at="2024-02-29T12:48:20 IST" name="levelSelector" finished-at="2024-02-29T12:48:25 IST" duration-ms="5063" status="PASS">
          <reporter-output>
          </reporter-output>
        </test-method> <!-- levelSelector -->
        <test-method signature="languageSelect()[pri:3, instance:testCases.TC004_BusinessCoursera@6a6cb05c]" started-at="2024-02-29T12:48:26 IST" name="languageSelect" finished-at="2024-02-29T12:48:34 IST" duration-ms="8050" status="PASS">
          <reporter-output>
          </reporter-output>
        </test-method> <!-- languageSelect -->
        <test-method signature="Result()[pri:4, instance:testCases.TC004_BusinessCoursera@6a6cb05c]" started-at="2024-02-29T12:48:34 IST" name="Result" finished-at="2024-02-29T12:48:36 IST" duration-ms="2104" status="PASS">
          <reporter-output>
          </reporter-output>
        </test-method> <!-- Result -->
        <test-method signature="deatilsFirstCard()[pri:6, instance:testCases.TC004_BusinessCoursera@6a6cb05c]" started-at="2024-02-29T12:48:37 IST" name="deatilsFirstCard" finished-at="2024-02-29T12:48:42 IST" duration-ms="4852" status="PASS">
          <reporter-output>
          </reporter-output>
        </test-method> <!-- deatilsFirstCard -->
        <test-method signature="Headings()[pri:7, instance:testCases.TC004_BusinessCoursera@6a6cb05c]" started-at="2024-02-29T12:48:42 IST" name="Headings" finished-at="2024-02-29T12:48:49 IST" duration-ms="6609" status="PASS">
          <reporter-output>
          </reporter-output>
        </test-method> <!-- Headings -->
        <test-method signature="Search2()[pri:8, instance:testCases.TC004_BusinessCoursera@6a6cb05c]" started-at="2024-02-29T12:48:50 IST" name="Search2" finished-at="2024-02-29T12:49:02 IST" duration-ms="11928" status="PASS">
          <reporter-output>
          </reporter-output>
        </test-method> <!-- Search2 -->
        <test-method signature="displayLevels()[pri:9, instance:testCases.TC004_BusinessCoursera@6a6cb05c]" started-at="2024-02-29T12:49:02 IST" name="displayLevels" finished-at="2024-02-29T12:49:03 IST" duration-ms="956" status="PASS">
          <reporter-output>
          </reporter-output>
        </test-method> <!-- displayLevels -->
        <test-method signature="displayLanguages()[pri:10, instance:testCases.TC004_BusinessCoursera@6a6cb05c]" started-at="2024-02-29T12:49:03 IST" name="displayLanguages" finished-at="2024-02-29T12:49:19 IST" duration-ms="16161" status="PASS">
          <reporter-output>
          </reporter-output>
        </test-method> <!-- displayLanguages -->
        <test-method signature="ThirdtimeHomepage()[pri:11, instance:testCases.TC004_BusinessCoursera@6a6cb05c]" started-at="2024-02-29T12:49:20 IST" name="ThirdtimeHomepage" finished-at="2024-02-29T12:49:43 IST" duration-ms="23149" status="PASS">
          <reporter-output>
          </reporter-output>
        </test-method> <!-- ThirdtimeHomepage -->
        <test-method signature="clickSolution()[pri:12, instance:testCases.TC004_BusinessCoursera@6a6cb05c]" started-at="2024-02-29T12:49:44 IST" name="clickSolution" finished-at="2024-02-29T12:49:56 IST" duration-ms="12051" status="PASS">
          <reporter-output>
          </reporter-output>
        </test-method> <!-- clickSolution -->
        <test-method signature="clickContactUs()[pri:13, instance:testCases.TC004_BusinessCoursera@6a6cb05c]" started-at="2024-02-29T12:49:56 IST" name="clickContactUs" finished-at="2024-02-29T12:50:07 IST" duration-ms="10439" status="PASS">
          <reporter-output>
          </reporter-output>
        </test-method> <!-- clickContactUs -->
        <test-method signature="details()[pri:14, instance:testCases.TC004_BusinessCoursera@6a6cb05c]" started-at="2024-02-29T12:50:07 IST" name="details" finished-at="2024-02-29T12:50:20 IST" duration-ms="12451" status="PASS">
          <reporter-output>
          </reporter-output>
        </test-method> <!-- details -->
        <test-method is-config="true" signature="tearDown()[pri:0, instance:testCases.TC004_BusinessCoursera@6a6cb05c]" started-at="2024-02-29T12:50:20 IST" name="tearDown" finished-at="2024-02-29T12:50:21 IST" duration-ms="1438" status="PASS">
          <reporter-output>
          </reporter-output>
        </test-method> <!-- tearDown -->
      </class> <!-- testCases.TC004_BusinessCoursera -->
    </test> <!-- Test -->
  </suite> <!-- Suite -->
</testng-results>
